[00007f62db41a777] execve("./hw", ["./hw"], [/* 24 vars */]) = 0
[00007f8ab3a8d4b9] brk(NULL)            = 0xdb3000
[00007f8ab3a8e387] access("/etc/ld.so.nohwcap", F_OK) = -1 ENOENT (No such file or directory)
[00007f8ab3a8e47a] mmap(NULL, 8192, PROT_READ|PROT_WRITE, MAP_PRIVATE|MAP_ANONYMOUS, -1, 0) = 0x7f8ab3c96000
[00007f8ab3a8e387] access("/etc/ld.so.preload", R_OK) = -1 ENOENT (No such file or directory)
[00007f8ab3a8e327] open("/etc/ld.so.cache", O_RDONLY|O_CLOEXEC) = 3
[00007f8ab3a8e2b4] fstat(3, {st_mode=S_IFREG|0644, st_size=88724, ...}) = 0
[00007f8ab3a8e47a] mmap(NULL, 88724, PROT_READ, MAP_PRIVATE, 3, 0) = 0x7f8ab3c80000
[00007f8ab3a8e427] close(3)             = 0
[00007f8ab3a8e387] access("/etc/ld.so.nohwcap", F_OK) = -1 ENOENT (No such file or directory)
[00007f8ab3a8e327] open("/lib/x86_64-linux-gnu/libc.so.6", O_RDONLY|O_CLOEXEC) = 3
[00007f8ab3a8e347] read(3, "\177ELF\2\1\1\3\0\0\0\0\0\0\0\0\3\0>\0\1\0\0\0P\t\2\0\0\0\0\0"..., 832) = 832
[00007f8ab3a8e2b4] fstat(3, {st_mode=S_IFREG|0755, st_size=1868984, ...}) = 0
[00007f8ab3a8e47a] mmap(NULL, 3971488, PROT_READ|PROT_EXEC, MAP_PRIVATE|MAP_DENYWRITE, 3, 0) = 0x7f8ab36a9000
[00007f8ab3a8e517] mprotect(0x7f8ab3869000, 2097152, PROT_NONE) = 0
[00007f8ab3a8e47a] mmap(0x7f8ab3a69000, 24576, PROT_READ|PROT_WRITE, MAP_PRIVATE|MAP_FIXED|MAP_DENYWRITE, 3, 0x1c0000) = 0x7f8ab3a69000
[00007f8ab3a8e47a] mmap(0x7f8ab3a6f000, 14752, PROT_READ|PROT_WRITE, MAP_PRIVATE|MAP_FIXED|MAP_ANONYMOUS, -1, 0) = 0x7f8ab3a6f000
[00007f8ab3a8e427] close(3)             = 0
[00007f8ab3a8e47a] mmap(NULL, 4096, PROT_READ|PROT_WRITE, MAP_PRIVATE|MAP_ANONYMOUS, -1, 0) = 0x7f8ab3c7f000
[00007f8ab3a8e47a] mmap(NULL, 4096, PROT_READ|PROT_WRITE, MAP_PRIVATE|MAP_ANONYMOUS, -1, 0) = 0x7f8ab3c7e000
[00007f8ab3a8e47a] mmap(NULL, 4096, PROT_READ|PROT_WRITE, MAP_PRIVATE|MAP_ANONYMOUS, -1, 0) = 0x7f8ab3c7d000
[00007f8ab3a73bd5] arch_prctl(ARCH_SET_FS, 0x7f8ab3c7e700) = 0
[00007f8ab3a8e517] mprotect(0x7f8ab3a69000, 16384, PROT_READ) = 0
[00007f8ab3a8e517] mprotect(0x600000, 4096, PROT_READ) = 0
[00007f8ab3a8e517] mprotect(0x7f8ab3c98000, 4096, PROT_READ) = 0
[00007f8ab3a8e4f7] munmap(0x7f8ab3c80000, 88724) = 0
[00007f8ab379fc04] fstat(1, {st_mode=S_IFCHR|0620, st_rdev=makedev(136, 17), ...}) = 0
[00007f8ab37a5dd9] brk(NULL)            = 0xdb3000
[00007f8ab37a5dd9] brk(0xdd4000)        = 0xdd4000
[00007f8ab37a0290] write(1, "Hello World \n", 13) = 13
[00007f8ab3775748] exit_group(13)       = ?
[????????????????] +++ exited with 13 +++
